#
# A fatal error has been detected by the Java Runtime Environment:
#
#  SIGSEGV (0xb) at pc=0x00007f4bc0a8f149, pid=16572, tid=16609
#
# JRE version: OpenJDK Runtime Environment (11.0.5+10) (build 11.0.5+10-post-Ubuntu-2ubuntu116.04)
# Java VM: OpenJDK 64-Bit Server VM (11.0.5+10-post-Ubuntu-2ubuntu116.04, mixed mode, sharing, tiered, compressed oops, g1 gc, linux-amd64)
# Problematic frame:
# C  [libjimage.so+0x3149]
#
# Core dump will be written. Default location: Core dumps may be processed with "/usr/share/apport/apport %p %s %c %d %P %E" (or dumping to /home/ubuntu/Downloads/FoodieApp/core.16572)
#
# If you would like to submit a bug report, please visit:
#   https://bugs.launchpad.net/ubuntu/+source/openjdk-lts
#

---------------  S U M M A R Y ------------

Command Line: -agentlib:jdwp=transport=dt_socket,suspend=y,address=localhost:44351 -javaagent:/home/ubuntu/.eclipse/org.eclipse.platform_4.14.0_1144344208_linux_gtk_x86_64/configuration/org.eclipse.osgi/237/0/.cp/lib/javaagent-shaded.jar -Dfile.encoding=UTF-8 com.example.FoodieApp.FoodieAppApplication

Host: Intel(R) Xeon(R) Platinum 8175M CPU @ 2.50GHz, 2 cores, 7G, Ubuntu 16.04.7 LTS
Time: Mon Oct 11 14:34:18 2021 UTC elapsed time: 326 seconds (0d 0h 5m 26s)

---------------  T H R E A D  ---------------

Current thread (0x00007f4bbc177800):  JavaThread "Signal Dispatcher" daemon [_thread_in_vm, id=16609, stack(0x00007f4b95062000,0x00007f4b95163000)]

Stack: [0x00007f4b95062000,0x00007f4b95163000],  sp=0x00007f4b951601b0,  free space=1016k
Native frames: (J=compiled Java code, A=aot compiled Java code, j=interpreted, Vv=VM code, C=native code)
C  [libjimage.so+0x3149]
C  [libjimage.so+0x3616]  JIMAGE_FindResource+0xd6
V  [libjvm.so+0x586dea]