#
# A fatal error has been detected by the Java Runtime Environment:
#
#  SIGSEGV (0xb) at pc=0x00007f1a3250c44d, pid=17576, tid=17595
#
# JRE version: OpenJDK Runtime Environment (11.0.5+10) (build 11.0.5+10-post-Ubuntu-2ubuntu116.04)
# Java VM: OpenJDK 64-Bit Server VM (11.0.5+10-post-Ubuntu-2ubuntu116.04, mixed mode, sharing, tiered, compressed oops, g1 gc, linux-amd64)
# Problematic frame:
# C  [libjimage.so+0x244d]
#
# Core dump will be written. Default location: Core dumps may be processed with "/usr/share/apport/apport %p %s %c %d %P %E" (or dumping to /home/ubuntu/Downloads/FoodieApp/core.17576)
#
# If you would like to submit a bug report, please visit:
#   https://bugs.launchpad.net/ubuntu/+source/openjdk-lts
#

---------------  S U M M A R Y ------------

Command Line: -agentlib:jdwp=transport=dt_socket,suspend=y,address=localhost:44363 -javaagent:/home/ubuntu/.eclipse/org.eclipse.platform_4.14.0_1144344208_linux_gtk_x86_64/configuration/org.eclipse.osgi/237/0/.cp/lib/javaagent-shaded.jar -Dfile.encoding=UTF-8 com.example.FoodieApp.FoodieAppApplication

Host: Intel(R) Xeon(R) Platinum 8175M CPU @ 2.50GHz, 2 cores, 7G, Ubuntu 16.04.7 LTS
Time: Mon Oct 11 14:45:50 2021 UTC elapsed time: 688 seconds (0d 0h 11m 28s)

---------------  T H R E A D  ---------------

Current thread (0x00007f1a2c17f800):  JavaThread "Signal Dispatcher" daemon [_thread_in_vm, id=17595, stack(0x00007f1a30083000,0x00007f1a30184000)]

Stack: [0x00007f1a30083000,0x00007f1a30184000],  sp=0x00007f1a30181180,  free space=1016k
Native frames: (J=compiled Java code, A=aot compiled Java code, j=interpreted, Vv=VM code, C=native code)
C  [libjimage.so+0x244d]
C  [libjimage.so+0x313a]
C  [libjimage.so+0x3616]  JIMAGE_FindResource+0xd6
V  [libjvm.so+0x586abe]
V  [libjvm.so+0x589604]
V  [libjvm.so+0xceadda]
V  [libjvm.so+0xce96cd]
V  [libjvm.so+0xce9aa2]
V  [libjvm.so+0x632931]
V  [libjvm.so+0x81c21c]
j  jdk.internal.misc.Signal.dispatch(I)V+25 java.base@11.0.5
v  ~StubRoutines::call_stub
V  [libjvm.so+0x82c392]
V  [libjvm.so+0x82b1b0]
V  [libjvm.so+0xb830fa]
V  [libjvm.so+0xd21f53]
V  [libjvm.so+0xd221b6]
V  [libjvm.so+0xd1dec6]
V  [libjvm.so+0xb9462e]

Java frames: (J=compiled Java code, j=interpreted, Vv=VM code)
j  jdk.internal.misc.Signal.dispatch(I)V+25 java.base@11.0.5
v  ~StubRoutines::call_stub

siginfo: si_signo: 11 (SIGSEGV), si_code: 1 (SEGV_MAPERR), si_addr: 0x00007f1a2394e760

Register to memory mapping:

RAX=0x00000000000041d1 is an unknown value
RBX=0x00007f1a30181231 is pointing into the stack for thread: 0x00007f1a2c17f800
RCX=0x00007f1a2393e01c is an unknown value
RDX=0x00000000000041d1 is an unknown value
RSP=0x00007f1a30181180 is pointing into the stack for thread: 0x00007f1a2c17f800
RBP=0x00007f1a301811a0 is pointing into the stack for thread: 0x00007f1a2c17f800
RSI=0x00007f1a30181230 is pointing into the stack for thread: 0x00007f1a2c17f800
RDI=0x00007f1a3270f130: <offset 0x0000000000205130> in /usr/lib/jvm/java-11-openjdk-amd64/lib/libjimage.so at 0x00007f1a3250a000
R8 =0x0 is NULL
R9 =0x00007f1a30181253 is pointing into the stack for thread: 0x00007f1a2c17f800
R10=0x0000000000000028 is an unknown value
R11=0x00007f1a3600bf10: <offset 0x0000000000187f10> in /lib/x86_64-linux-gnu/libc.so.6 at 0x00007f1a35e84000
R12=0x00007f1a30181230 is pointing into the stack for thread: 0x00007f1a2c17f800
R13=0x0000000000008385 is an unknown value
R14=0x00007f1a301822c8 is pointing into the stack for thread: 0x00007f1a2c17f800
R15=0x00007f1a2c180370 points into unknown readable memory: 6a 64 6b 2f 69 6e 74 65


Registers:
RAX=0x00000000000041d1, RBX=0x00007f1a30181231, RCX=0x00007f1a2393e01c, RDX=0x00000000000041d1
RSP=0x00007f1a30181180, RBP=0x00007f1a301811a0, RSI=0x00007f1a30181230, RDI=0x00007f1a3270f130
R8 =0x0000000000000000, R9 =0x00007f1a30181253, R10=0x0000000000000028, R11=0x00007f1a3600bf10
R12=0x00007f1a30181230, R13=0x0000000000008385, R14=0x00007f1a301822c8, R15=0x00007f1a2c180370
RIP=0x00007f1a3250c44d, EFLAGS=0x0000000000010246, CSGSFS=0x002b000000000033, ERR=0x0000000000000004
  TRAPNO=0x000000000000000e

Top of Stack: (sp=0x00007f1a30181180)
0x00007f1a30181180:   0000000000000000 00007f1a2c024ea0
0x00007f1a30181190:   0000000000000000 00007f1a30181230
0x00007f1a301811a0:   00007f1a30181210 00007f1a3250d13a
0x00007f1a301811b0:   0000000000000000 00007f1a35ed193d 

Instructions: (pc=0x00007f1a3250c44d)
0x00007f1a3250c34d:   00 00 00 48 89 cf 48 89 4d 98 e8 f4 f2 ff ff 48
0x00007f1a3250c35d:   8b 4d 98 4c 63 e8 48 89 df 4c 89 ea 41 89 c6 4c
0x00007f1a3250c36d:   01 eb 48 89 ce e8 d9 f3 ff ff e9 0b fe ff ff 0f
0x00007f1a3250c37d:   1f 40 00 8b 02 41 89 01 44 89 c0 8b 4c 02 fc 41
0x00007f1a3250c38d:   89 4c 01 fc e9 25 ff ff ff 44 89 c0 0f b7 4c 02
0x00007f1a3250c39d:   fe 66 41 89 4c 01 fe e9 12 ff ff ff 0f 1f 80 00
0x00007f1a3250c3ad:   00 00 00 0f b6 17 55 48 89 e5 84 d2 74 19 48 8d
0x00007f1a3250c3bd:   47 01 90 69 f6 93 01 00 01 48 83 c0 01 31 d6 0f
0x00007f1a3250c3cd:   b6 50 ff 84 d2 75 ec 89 f0 25 ff ff ff 7f 5d c3
0x00007f1a3250c3dd:   90 66 90 48 85 d2 0f 84 ce 00 00 00 85 c9 0f 84
0x00007f1a3250c3ed:   c6 00 00 00 55 48 89 e5 41 55 41 54 53 48 8d 5e
0x00007f1a3250c3fd:   01 48 83 ec 08 44 0f b6 06 45 84 c0 0f 84 a1 00
0x00007f1a3250c40d:   00 00 49 89 d9 b8 93 01 00 01 66 0f 1f 84 00 00
0x00007f1a3250c41d:   00 00 00 69 c0 93 01 00 01 49 83 c1 01 44 31 c0
0x00007f1a3250c42d:   45 0f b6 41 ff 45 84 c0 75 e9 25 ff ff ff 7f 41
0x00007f1a3250c43d:   89 cd 48 89 d1 31 d2 41 f7 f5 49 89 f4 48 63 c2
0x00007f1a3250c44d:   8b 34 81 48 8b 07 ff 50 20 83 f8 00 7e 3d 41 0f
0x00007f1a3250c45d:   b6 34 24 40 84 f6 74 18 0f 1f 00 69 c0 93 01 00
0x00007f1a3250c46d:   01 48 83 c3 01 31 f0 0f b6 73 ff 40 84 f6 75 eb
0x00007f1a3250c47d:   25 ff ff ff 7f 31 d2 41 f7 f5 48 83 c4 08 89 d0
0x00007f1a3250c48d:   5b 41 5c 41 5d 5d c3 0f 1f 40 00 ba ff ff ff ff
0x00007f1a3250c49d:   74 e8 f7 d0 48 83 c4 08 89 c2 5b 89 d0 41 5c 41
0x00007f1a3250c4ad:   5d 5d c3 b8 93 01 00 01 eb 85 ba ff ff ff ff 89
0x00007f1a3250c4bd:   d0 c3 90 0f b6 17 55 48 89 f8 48 89 e5 84 d2 74
0x00007f1a3250c4cd:   2b 0f b6 0e 84 c9 74 24 38 ca 75 2b 0f 1f 80 00
0x00007f1a3250c4dd:   00 00 00 48 83 c7 01 0f b6 07 84 c0 74 0b 48 83
0x00007f1a3250c4ed:   c6 01 0f b6 16 84 d2 75 0a 48 89 f8 5d c3 0f 1f
0x00007f1a3250c4fd:   44 00 00 38 d0 74 dc 31 c0 5d c3 0f 1f 84 00 00
0x00007f1a3250c50d:   00 00 00 55 48 85 f6 48 89 e5 74 57 0f 1f 80 00
0x00007f1a3250c51d:   00 00 00 0f b6 06 84 c0 74 49 44 0f b6 c8 83 e0
0x00007f1a3250c52d:   07 48 8d 56 01 44 8d 50 01 0f b6 c0 41 c1 f9 03
0x00007f1a3250c53d:   4c 8d 44 06 02 31 c0 0f 1f 40 00 0f b6 0a 48 c1 


Stack slot to memory mapping:
stack at sp + 0 slots: 0x0 is NULL
stack at sp + 1 slots: 0x00007f1a2c024ea0 points into unknown readable memory: 50 97 01 2c 1a 7f 00 00
stack at sp + 2 slots: 0x0 is NULL
stack at sp + 3 slots: 0x00007f1a30181230 is pointing into the stack for thread: 0x00007f1a2c17f800
stack at sp + 4 slots: 0x00007f1a30181210 is pointing into the stack for thread: 0x00007f1a2c17f800
stack at sp + 5 slots: 0x00007f1a3250d13a: <offset 0x000000000000313a> in /usr/lib/jvm/java-11-openjdk-amd64/lib/libjimage.so at 0x00007f1a3250a000
stack at sp + 6 slots: 0x0 is NULL
stack at sp + 7 slots: 0x00007f1a35ed193d: _IO_vfprintf+0x00000000000007bd in /lib/x86_64-linux-gnu/libc.so.6 at 0x00007f1a35e84000


---------------  P R O C E S S  ---------------

Threads class SMR info:
_java_thread_list=0x00007f19d800a630, length=16, elements={
0x00007f1a2c170800, 0x00007f1a2c17a800